[2019-11-11 12:05:29] laravel.EMERGENCY: Unable to create configured logger. Using emergency logger. {"exception":"[object] (InvalidArgumentException(code: 0): Log [] is not defined. at E:\\shamshad\\xampp7\\htdocs\\laravel\\vendor\\laravel\\framework\\src\\Illuminate\\Log\\LogManager.php:184)
[stacktrace]
#0 E:\\shamshad\\xampp7\\htdocs\\laravel\\vendor\\laravel\\framework\\src\\Illuminate\\Log\\LogManager.php(118): Illuminate\\Log\\LogManager->resolve(NULL)
#1 E:\\shamshad\\xampp7\\htdocs\\laravel\\vendor\\laravel\\framework\\src\\Illuminate\\Log\\LogManager.php(98): Illuminate\\Log\\LogManager->get(NULL)
#2 E:\\shamshad\\xampp7\\htdocs\\laravel\\vendor\\laravel\\framework\\src\\Illuminate\\Log\\LogManager.php(539): Illuminate\\Log\\LogManager->driver()
#3 E:\\shamshad\\xampp7\\htdocs\\laravel\\vendor\\laravel\\framework\\src\\Illuminate\\Foundation\\Exceptions\\Handler.php(118): Illuminate\\Log\\LogManager->error('syntax error, u...', Array)
#4 E:\\shamshad\\xampp7\\htdocs\\laravel\\app\\Exceptions\\Handler.php(37): Illuminate\\Foundation\\Exceptions\\Handler->report(Object(Symfony\\Component\\Debug\\Exception\\FatalThrowableError))
#5 E:\\shamshad\\xampp7\\htdocs\\laravel\\vendor\\laravel\\framework\\src\\Illuminate\\Foundation\\Http\\Kernel.php(314): App\\Exceptions\\Handler->report(Object(Symfony\\Component\\Debug\\Exception\\FatalThrowableError))
#6 E:\\shamshad\\xampp7\\htdocs\\laravel\\vendor\\laravel\\framework\\src\\Illuminate\\Foundation\\Http\\Kernel.php(122): Illuminate\\Foundation\\Http\\Kernel->reportException(Object(Symfony\\Component\\Debug\\Exception\\FatalThrowableError))
#7 E:\\shamshad\\xampp7\\htdocs\\laravel\\public\\index.php(55): Illuminate\\Foundation\\Http\\Kernel->handle(Object(Illuminate\\Http\\Request))
#8 E:\\shamshad\\xampp7\\htdocs\\laravel\\server.php(21): require_once('E:\\\\shamshad\\\\xam...')
#9 {main}
"} 
[2019-11-11 12:05:29] laravel.ERROR: syntax error, unexpected 'App' (T_STRING), expecting ']' {"exception":"[object] (Symfony\\Component\\Debug\\Exception\\FatalThrowableError(code: 0): syntax error, unexpected 'App' (T_STRING), expecting ']' at E:\\shamshad\\xampp7\\htdocs\\laravel\\config\\app.php:173)
[stacktrace]
#0 E:\\shamshad\\xampp7\\htdocs\\laravel\\vendor\\laravel\\framework\\src\\Illuminate\\Foundation\\Bootstrap\\LoadConfiguration.php(39): Illuminate\\Foundation\\Bootstrap\\LoadConfiguration->loadConfigurationFiles(Object(Illuminate\\Foundation\\Application), Object(Illuminate\\Config\\Repository))
#1 E:\\shamshad\\xampp7\\htdocs\\laravel\\vendor\\laravel\\framework\\src\\Illuminate\\Foundation\\Application.php(211): Illuminate\\Foundation\\Bootstrap\\LoadConfiguration->bootstrap(Object(Illuminate\\Foundation\\Application))
#2 E:\\shamshad\\xampp7\\htdocs\\laravel\\vendor\\laravel\\framework\\src\\Illuminate\\Foundation\\Http\\Kernel.php(162): Illuminate\\Foundation\\Application->bootstrapWith(Array)
#3 E:\\shamshad\\xampp7\\htdocs\\laravel\\vendor\\laravel\\framework\\src\\Illuminate\\Foundation\\Http\\Kernel.php(146): Illuminate\\Foundation\\Http\\Kernel->bootstrap()
#4 E:\\shamshad\\xampp7\\htdocs\\laravel\\vendor\\laravel\\framework\\src\\Illuminate\\Foundation\\Http\\Kernel.php(116): Illuminate\\Foundation\\Http\\Kernel->sendRequestThroughRouter(Object(Illuminate\\Http\\Request))
#5 E:\\shamshad\\xampp7\\htdocs\\laravel\\public\\index.php(55): Illuminate\\Foundation\\Http\\Kernel->handle(Object(Illuminate\\Http\\Request))
#6 E:\\shamshad\\xampp7\\htdocs\\laravel\\server.php(21): require_once('E:\\\\shamshad\\\\xam...')
#7 {main}
"} 
